0 info it worked if it ends with ok
1 verbose cli [ 'C:\\Program Files\\nodejs\\node.exe',
1 verbose cli   'C:\\Program Files\\nodejs\\node_modules\\npm\\bin\\npm-cli.js',
1 verbose cli   'start' ]
2 info using npm@3.10.9
3 info using node@v7.1.0
4 verbose run-script [ 'prestart', 'start', 'poststart' ]
5 info lifecycle s890081tonyhsu.github.io@1.0.0~prestart: s890081tonyhsu.github.io@1.0.0
6 silly lifecycle s890081tonyhsu.github.io@1.0.0~prestart: no script for prestart, continuing
7 info lifecycle s890081tonyhsu.github.io@1.0.0~start: s890081tonyhsu.github.io@1.0.0
8 verbose lifecycle s890081tonyhsu.github.io@1.0.0~start: unsafe-perm in lifecycle true
9 verbose lifecycle s890081tonyhsu.github.io@1.0.0~start: PATH: C:\Program Files\nodejs\node_modules\npm\bin\node-gyp-bin;D:\s890081tonyhsu.github.io\node_modules\.bin;C:\Ruby23-x64\bin;C:\ProgramData\Oracle\Java\javapath;C:\WinPython\python3;C:\Program Files (x86)\Intel\iCLS Client\;C:\Program Files\Intel\iCLS Client\;C:\Windows\system32;C:\Windows;C:\Windows\System32\Wbem;C:\Windows\System32\WindowsPowerShell\v1.0\;C:\Program Files\Intel\Intel(R) Management Engine Components\DAL;C:\Program Files\Intel\Intel(R) Management Engine Components\IPT;C:\Program Files (x86)\Intel\Intel(R) Management Engine Components\DAL;C:\Program Files (x86)\Intel\Intel(R) Management Engine Components\IPT;C:\Program Files\Java\jdk1.8.0_101\bin;C:\Program Files\Java\jre1.8.0_101\bin;C:\Program Files (x86)\Dev-Cpp\MinGW64\bin;C:\Program Files\Microsoft SQL Server\110\Tools\Binn\;C:\Program Files\Microsoft SQL Server\120\Tools\Binn\;C:\Program Files\Microsoft SQL Server\130\Tools\Binn\;c:\Program Files (x86)\Microsoft SQL Server\100\Tools\Binn\;c:\Program Files\Microsoft SQL Server\100\Tools\Binn\;c:\Program Files\Microsoft SQL Server\100\DTS\Binn\;C:\Program Files\nodejs\;C:\Program Files (x86)\SSH Communications Security\SSH Secure Shell;C:\Users\CSPC645\AppData\Roaming\npm
10 verbose lifecycle s890081tonyhsu.github.io@1.0.0~start: CWD: D:\s890081tonyhsu.github.io
11 silly lifecycle s890081tonyhsu.github.io@1.0.0~start: Args: [ '/d /s /c', 'gulp' ]
12 silly lifecycle s890081tonyhsu.github.io@1.0.0~start: Returned: code: 3221225786  signal: null
13 info lifecycle s890081tonyhsu.github.io@1.0.0~start: Failed to exec start script
14 verbose stack Error: s890081tonyhsu.github.io@1.0.0 start: `gulp`
14 verbose stack Exit status 3221225786
14 verbose stack     at EventEmitter.<anonymous> (C:\Program Files\nodejs\node_modules\npm\lib\utils\lifecycle.js:255:16)
14 verbose stack     at emitTwo (events.js:106:13)
14 verbose stack     at EventEmitter.emit (events.js:191:7)
14 verbose stack     at ChildProcess.<anonymous> (C:\Program Files\nodejs\node_modules\npm\lib\utils\spawn.js:40:14)
14 verbose stack     at emitTwo (events.js:106:13)
14 verbose stack     at ChildProcess.emit (events.js:191:7)
14 verbose stack     at maybeClose (internal/child_process.js:885:16)
14 verbose stack     at Process.ChildProcess._handle.onexit (internal/child_process.js:226:5)
15 verbose pkgid s890081tonyhsu.github.io@1.0.0
16 verbose cwd D:\s890081tonyhsu.github.io
17 error Windows_NT 6.1.7601
18 error argv "C:\\Program Files\\nodejs\\node.exe" "C:\\Program Files\\nodejs\\node_modules\\npm\\bin\\npm-cli.js" "start"
19 error node v7.1.0
20 error npm  v3.10.9
21 error code ELIFECYCLE
22 error s890081tonyhsu.github.io@1.0.0 start: `gulp`
22 error Exit status 3221225786
23 error Failed at the s890081tonyhsu.github.io@1.0.0 start script 'gulp'.
23 error Make sure you have the latest version of node.js and npm installed.
23 error If you do, this is most likely a problem with the s890081tonyhsu.github.io package,
23 error not with npm itself.
23 error Tell the author that this fails on your system:
23 error     gulp
23 error You can get information on how to open an issue for this project with:
23 error     npm bugs s890081tonyhsu.github.io
23 error Or if that isn't available, you can get their info via:
23 error     npm owner ls s890081tonyhsu.github.io
23 error There is likely additional logging output above.
24 verbose exit [ 1, true ]
